T69C4A780 000:001.435   SEGGER J-Link V7.96j Log File
T69C4A780 000:001.521   DLL Compiled: May 29 2024 15:42:37
T69C4A780 000:001.524   Logging started @ 2025-02-13 10:35
T69C4A780 000:001.527   Process: /home/maldus/.eclipse/com.renesas.platform_894671356/DebugComp/RA/e2-server-gdb
T69C4A780 000:001.530 - 1.530ms
T69C4A780 000:001.534 JLINK_GetDLLVersion()
T69C4A780 000:001.537 - 0.003ms returns 79610
T69C4A780 000:002.612 JLINK_OpenEx(...)
T69C4A780 000:005.852   Firmware: J-Link V12 compiled Aug 22 2024 13:27:55
T69C4A780 000:006.287   Firmware: J-Link V12 compiled Aug 22 2024 13:27:55
T69C4A780 000:007.164   Hardware: V12.00
T69C4A780 000:007.171   S/N: 822003761
T69C4A780 000:007.175   OEM: SEGGER
T69C4A780 000:007.179   Feature(s): GDB
T69C4A780 000:007.801   Bootloader: 2022 Oct 19
T69C4A780 000:007.985   USB speed mode: High speed (480 MBit/s)
T69C4A780 000:008.162   TELNET listener socket opened on port 19021
T69C4A780 000:008.221   WEBSRV WEBSRV_Init(): Starting webserver thread(s)
T69C4A780 000:008.276   WEBSRV Webserver running on local port 19080
T69C4A780 000:008.290   Looking for J-Link GUI Server exe at: ARM/Segger_v7.96.10/JLinkGUIServerExe
T69C4A780 000:008.296   Looking for J-Link GUI Server exe at: /opt/SEGGER/JLink/JLinkGUIServerExe
T69C4A780 000:313.913   Failed to connect to J-Link GUI Server.
T69C4A780 000:313.933 - 311.315ms returns "O.K."
T69C4A780 000:313.958 JLINK_ExecCommand("ProjectFile="/home/maldus/Projects/Rotondi/minieco-paperoga-b-rotondi/minieco_paperoga_b_rotondi Debug_Flat.jlink"", ...). 
T69C4A780 000:326.421 - 12.463ms returns 0x00
T69C4A780 000:326.527 JLINK_ExecCommand("device=R7FA2L1AB", ...). 
T69C4A780 000:327.607   Flash bank @ 0x01010010: SFL: Parsing sectorization info from ELF file
T69C4A780 000:327.615     FlashDevice.SectorInfo[0]: .SectorSize = 0x00000024, .SectorStartAddr = 0x00000000
T69C4A780 000:327.620   FlashBank @0x01010010: Sectorization info from SFL ELF file ignored because sectorization override from DLL / XML file is active.
T69C4A780 000:327.766   Device "R7FA2L1AB" selected.
T69C4A780 000:327.847 - 1.314ms returns 0x00
T69C4A780 000:327.874 JLINK_ExecCommand("SetCPUConnectIDCODE = FFFFFFFFFFFFFFFFFFFFFFFFFFFFFFFF", ...). 
T69C4A780 000:327.881 - 0.002ms returns 0x00
T69C4A780 000:327.885 JLINK_TIF_GetAvailable(...)
T69C4A780 000:328.044 - 0.159ms
T69C4A780 000:328.053 JLINK_TIF_Select(JLINKARM_TIF_SWD)
T69C4A780 000:328.588 - 0.534ms returns 0x00
T69C4A780 000:328.596 JLINK_SetSpeed(4000)
T69C4A780 000:328.684 - 0.087ms
T69C4A780 000:328.692 JLINK_SetEndian(ARM_ENDIAN_LITTLE)
T69C4A780 000:328.695 - 0.003ms returns 0
T69C4A780 000:328.699 JLINK_SetInitRegsOnReset(OFF)
T69C4A780 000:328.702 - 0.003ms returns 1
T69C4A780 000:328.706 JLINK_SetResetType(JLINKARM_RESET_TYPE_NO_RESET)
T69C4A780 000:328.710 - 0.003ms returns JLINKARM_RESET_TYPE_NORMAL
T69C4A780 000:328.714 JLINK_ExecCommand("EnableFlashBPs", ...). 
T69C4A780 000:328.718 - 0.001ms returns 0x00
T69C4A780 000:328.722 JLINK_ExecCommand("SetAllowFlashCache = 1", ...). 
T69C4A780 000:328.727 - 0.000ms returns 0x01
T69C4A780 000:328.730 JLINK_ExecCommand("SetRestartOnClose = 0", ...). 
T69C4A780 000:328.735 - 0.001ms returns 0x01
T69C4A780 000:328.739 JLINK_EnableSoftBPs(ON)
T69C4A780 000:328.742 - 0.004ms
T69C4A780 000:328.745 JLINK_Connect()
T69C4A780 000:328.888   InitTarget() start
T69C4A780 000:328.897    J-Link Script File: Executing InitTarget()
T69C4A780 000:328.901   Identifying target device...
T69C4A780 000:328.906   SWD selected. Executing JTAG -> SWD switching sequence...
T69C4A780 000:329.256   Initializing DAP...
T69C4A780 000:329.830   DAP initialized successfully.
T69C4A780 000:330.605   Low power mode detected. Waking device from low power mode.
T69C4A780 000:331.905   InitTarget() end - Took 3.00ms
T69C4A780 000:332.181   Found SW-DP with ID 0x5BA02477
T69C4A780 000:332.958   DPIDR: 0x5BA02477
T69C4A780 000:332.966   CoreSight SoC-400 or earlier
T69C4A780 000:332.971   Scanning AP map to find all available APs
T69C4A780 000:333.442   AP[2]: Stopped AP scan as end of AP map has been reached
T69C4A780 000:333.466   AP[0]: AHB-AP (IDR: 0x74770001)
T69C4A780 000:333.471   AP[1]: APB-AP (IDR: 0x44770002)
T69C4A780 000:333.476   Iterating through AP map to find AHB-AP to use
T69C4A780 000:333.855   AP[0]: Core found
T69C4A780 000:333.862   AP[0]: AHB-AP ROM base: 0x4001A000
T69C4A780 000:334.067   CPUID register: 0x411CD200. Implementer code: 0x41 (ARM)
T69C4A780 000:334.076   Feature set: Baseline
T69C4A780 000:334.308   Cache: No cache
T69C4A780 000:334.317   Found Cortex-M23 r1p0, Little endian.
T69C4A780 000:334.623   -- Max. mem block: 0x00005AB0
T69C4A780 000:334.950   CPU_ReadMem(4 bytes @ 0xE000EDF0)
T69C4A780 000:335.225   CPU_WriteMem(4 bytes @ 0xE000EDF0)
T69C4A780 000:335.426   CPU_ReadMem(4 bytes @ 0xE0002000)
T69C4A780 000:335.623   FPUnit: 4 code (BP) slots and 0 literal slots
T69C4A780 000:335.629   CPU_ReadMem(4 bytes @ 0xE000EDFC)
T69C4A780 000:335.829   CPU_WriteMem(4 bytes @ 0xE000EDFC)
T69C4A780 000:336.080   CPU_ReadMem(4 bytes @ 0xE0001000)
T69C4A780 000:336.282   CPU_ReadMem(4 bytes @ 0xE0001000)
T69C4A780 000:336.478   CPU_ReadMem(4 bytes @ 0xE0001028)
T69C4A780 000:336.674   CPU_ReadMem(4 bytes @ 0xE0001038)
T69C4A780 000:336.880   CPU_WriteMem(4 bytes @ 0xE0001000)
T69C4A780 000:337.076   CPU_ReadMem(4 bytes @ 0xE000ED88)
T69C4A780 000:337.279   CPU_WriteMem(4 bytes @ 0xE000ED88)
T69C4A780 000:337.544   CPU_ReadMem(4 bytes @ 0xE000ED88)
T69C4A780 000:337.773   CPU_WriteMem(4 bytes @ 0xE000ED88)
T69C4A780 000:338.003   CPU_ReadMem(4 bytes @ 0xE000EFB8)
T69C4A780 000:338.257   Security extension: not implemented
T69C4A780 000:338.266   CoreSight components:
T69C4A780 000:338.270   ROMTbl[0] @ 4001A000
T69C4A780 000:338.276   CPU_ReadMem(64 bytes @ 0x4001A000)
T69C4A780 000:338.781   CPU_ReadMem(32 bytes @ 0xE000EFE0)
T69C4A780 000:339.165   CPU_ReadMem(4 bytes @ 0xE000EFBC)
T69C4A780 000:339.405   CPU_ReadMem(4 bytes @ 0xE000EFCC)
T69C4A780 000:339.632   [0][0]: E000E000 CID B105900D PID 000BBD20 DEVARCH 47702A04 DEVTYPE 00 Cortex-M23
T69C4A780 000:339.639   CPU_ReadMem(32 bytes @ 0xE0001FE0)
T69C4A780 000:339.983   CPU_ReadMem(4 bytes @ 0xE0001FBC)
T69C4A780 000:340.205   CPU_ReadMem(4 bytes @ 0xE0001FCC)
T69C4A780 000:340.381   [0][1]: E0001000 CID B105900D PID 000BBD20 DEVARCH 47701A02 DEVTYPE 00 DWT
T69C4A780 000:340.388   CPU_ReadMem(32 bytes @ 0xE0002FE0)
T69C4A780 000:340.707   CPU_ReadMem(4 bytes @ 0xE0002FBC)
T69C4A780 000:340.905   CPU_ReadMem(4 bytes @ 0xE0002FCC)
T69C4A780 000:341.081   [0][2]: E0002000 CID B105900D PID 000BBD20 DEVARCH 47701A03 DEVTYPE 00 FPB
T69C4A780 000:341.087   CPU_ReadMem(32 bytes @ 0x40019FE0)
T69C4A780 000:341.407   CPU_ReadMem(4 bytes @ 0x40019FBC)
T69C4A780 000:341.590   CPU_ReadMem(4 bytes @ 0x40019FCC)
T69C4A780 000:341.802   [0][3]: 40019000 CID B105900D PID 000BBD20 DEVARCH 47710A31 DEVTYPE 31 MTB
T69C4A780 000:341.833 - 13.087ms returns 0x00
T69C4A780 000:341.839 JLINK_Halt()
T69C4A780 000:344.135 - 2.296ms returns 0x00
T69C4A780 000:344.143 JLINK_IsHalted()
T69C4A780 000:344.147 - 0.004ms returns TRUE
T69C4A780 000:344.151 JLINK_ResetPullsRESET(ON)
T69C4A780 000:344.154 - 0.003ms
T69C4A780 000:344.157 JLINK_Reset()
T69C4A780 000:344.169   CPU_WriteMem(4 bytes @ 0xE000EDF0)
T69C4A780 000:344.405   CPU_ReadMem(4 bytes @ 0xE000ED44)
T69C4A780 000:344.636   CPU_WriteMem(4 bytes @ 0xE000EDFC)
T69C4A780 000:344.855   Reset: Halt core after reset via DEMCR.VC_CORERESET.
T69C4A780 000:345.102   Reset: Reset device via AIRCR.SYSRESETREQ.
T69C4A780 000:345.109   CPU_WriteMem(4 bytes @ 0xE000ED0C)
T69C4A780 000:397.864   CPU_ReadMem(4 bytes @ 0xE000EDF0)
T69C4A780 000:398.058   CPU_ReadMem(4 bytes @ 0xE000EDF0)
T69C4A780 000:398.280   CPU_WriteMem(4 bytes @ 0xE000EDFC)
T69C4A780 000:403.755   CPU_ReadMem(4 bytes @ 0xE000EDF0)
T69C4A780 000:406.316   CPU_WriteMem(4 bytes @ 0xE0002000)
T69C4A780 000:406.580   CPU_ReadMem(4 bytes @ 0xE000EDFC)
T69C4A780 000:406.814   CPU_ReadMem(4 bytes @ 0xE0001000)
T69C4A780 000:407.060   CPU_WriteMem(4 bytes @ 0xE0001000)
T69C4A780 000:407.325   CPU_ReadMem(4 bytes @ 0xE000EE08)
T69C4A780 000:407.555 - 63.398ms
T69C4A780 000:407.611 JLINK_IsHalted()
T69C4A780 000:407.616 - 0.005ms returns TRUE
T69C4A780 000:407.733 JLINK_MeasureCPUSpeed(RAMAddr = 0xFFFFFFFF)
T69C4A780 000:407.741   CPU_ReadMem(16 bytes @ 0x20000000)
T69C4A780 000:408.042   CPU_ReadMem(64 bytes @ 0x20000000)
T69C4A780 000:408.552    -- Updating C cache (64 bytes @ 0x20000000)
T69C4A780 000:408.559    -- Read from C cache (6 bytes @ 0x20000000)
T69C4A780 000:408.565   CPU_ReadMem(4 bytes @ 0x40019004)
T69C4A780 000:408.801   CPU_ReadMem(4 bytes @ 0xE000ED90)
T69C4A780 000:409.024   CPU_ReadMem(4 bytes @ 0xE000ED94)
T69C4A780 000:409.250   CPU_WriteMem(16 bytes @ 0x20000000)
T69C4A780 000:409.526   CPU_WriteMem(6 bytes @ 0x20000000)
T69C4A780 000:409.773   CPU_ReadMem(64 bytes @ 0x20000000)
T69C4A780 000:410.249    -- Updating C cache (64 bytes @ 0x20000000)
T69C4A780 000:410.256    -- Read from C cache (6 bytes @ 0x20000000)
T69C4A780 000:410.263   CPU_ReadMem(4 bytes @ 0xE000EE08)
T69C4A780 000:410.461   CPU_WriteMem(4 bytes @ 0xE0002008)
T69C4A780 000:410.468   CPU_WriteMem(4 bytes @ 0xE000200C)
T69C4A780 000:410.472   CPU_WriteMem(4 bytes @ 0xE0002010)
T69C4A780 000:410.477   CPU_WriteMem(4 bytes @ 0xE0002014)
T69C4A780 000:415.567   CPU_WriteMem(4 bytes @ 0xE0002008)
T69C4A780 000:415.837   CPU_WriteMem(4 bytes @ 0xE000200C)
T69C4A780 000:416.108   CPU_WriteMem(4 bytes @ 0xE0002010)
T69C4A780 000:416.357   CPU_WriteMem(4 bytes @ 0xE0002014)
T69C4A780 000:416.606   CPU_ReadMem(4 bytes @ 0xE000EE08)
T69C4A780 000:416.837   CPU_ReadMem(4 bytes @ 0xE000EE08)
T69C4A780 000:417.052   CPU_ReadMem(4 bytes @ 0xE000EE08)
T69C4A780 000:441.570   CPU_WriteMem(6 bytes @ 0x20000000)
T69C4A780 000:441.861   ClockFreq: 498000 Hz
T69C4A780 000:441.870 - 34.138ms returns 498000
T69C4A780 000:441.877 JLINK_ReadReg(XPSR)
T69C4A780 000:441.887   CPU_ReadMem(4 bytes @ 0xE000EE08)
T69C4A780 000:442.117 - 0.239ms returns 0x21000000
T623F26C0 000:448.975 JLINK_ReadReg(XPSR)
T623F26C0 000:448.999   CPU_ReadMem(4 bytes @ 0xE000EE08)
T623F26C0 000:449.228 - 0.254ms returns 0x21000000
T623F26C0 000:455.215 JLINK_ReadReg(XPSR)
T623F26C0 000:455.236   CPU_ReadMem(4 bytes @ 0xE000EE08)
T623F26C0 000:455.467 - 0.252ms returns 0x21000000
T623F26C0 000:504.476 JLINK_SetEndian(ARM_ENDIAN_LITTLE)
T623F26C0 000:504.496 - 0.021ms returns 0
T623F26C0 000:504.543 JLINK_BeginDownload(Flags = 0x00000000)
T623F26C0 000:504.553 - 0.009ms
T623F26C0 000:506.920 JLINK_WriteMem(0x00000000, 0xBD0 Bytes, ...)
T623F26C0 000:506.938   Data:  68 11 00 20 B9 59 00 00 3D 57 00 00 B5 59 00 00 ...
T623F26C0 000:507.529   completely In flash
T623F26C0 000:507.541 - 0.622ms returns 0xBD0
T623F26C0 000:507.758 JLINK_WriteMem(0x00000BD0, 0xBB0 Bytes, ...)
T623F26C0 000:507.767   Data:  09 30 FF 30 22 00 05 F0 F5 FA 00 20 10 BD 70 B5 ...
T623F26C0 000:507.776   completely In flash
T623F26C0 000:507.784 - 0.026ms returns 0xBB0
T623F26C0 000:507.945 JLINK_WriteMem(0x00001780, 0xB90 Bytes, ...)
T623F26C0 000:507.953   Data:  46 F6 10 70 C0 F2 00 00 40 F2 7F 11 03 F0 9B FF ...
T623F26C0 000:507.961   completely In flash
T623F26C0 000:507.969 - 0.024ms returns 0xB90
T623F26C0 000:508.125 JLINK_WriteMem(0x00002310, 0xB80 Bytes, ...)
T623F26C0 000:508.133   Data:  00 F0 0C FA 40 F2 EC 23 C2 F2 00 03 18 60 BB E7 ...
T623F26C0 000:508.141   completely In flash
T623F26C0 000:508.148 - 0.024ms returns 0xB80
T623F26C0 000:508.307 JLINK_WriteMem(0x00002E90, 0xBB0 Bytes, ...)
T623F26C0 000:508.315   Data:  03 AB 5A 88 53 1E 9A 41 D2 B2 02 30 21 00 FF F7 ...
T623F26C0 000:508.324   completely In flash
T623F26C0 000:508.331 - 0.024ms returns 0xBB0
T623F26C0 000:508.492 JLINK_WriteMem(0x00003A40, 0xBA0 Bytes, ...)
T623F26C0 000:508.501   Data:  02 B0 70 BD 00 93 33 00 0A 00 02 21 FF F7 FB FE ...
T623F26C0 000:508.509   completely In flash
T623F26C0 000:508.516 - 0.024ms returns 0xBA0
T623F26C0 000:508.678 JLINK_WriteMem(0x000045E0, 0xB90 Bytes, ...)
T623F26C0 000:508.694   Data:  EE E7 20 00 01 F0 CC F8 F4 E7 83 68 C2 68 5A 60 ...
T623F26C0 000:508.725   completely In flash
T623F26C0 000:508.734 - 0.057ms returns 0xB90
T623F26C0 000:508.894 JLINK_WriteMem(0x00005170, 0xBB0 Bytes, ...)
T623F26C0 000:508.902   Data:  80 21 89 05 1A 00 0A 40 0B 42 09 D0 01 9A D2 B2 ...
T623F26C0 000:508.914   completely In flash
T623F26C0 000:508.922 - 0.027ms returns 0xBB0
T623F26C0 000:509.083 JLINK_WriteMem(0x00005D20, 0xBA0 Bytes, ...)
T623F26C0 000:509.091   Data:  E6 5E E3 88 9D 42 0B D0 2A 01 23 68 9C 46 62 44 ...
T623F26C0 000:509.109   completely In flash
T623F26C0 000:509.117 - 0.034ms returns 0xBA0
T623F26C0 000:509.278 JLINK_WriteMem(0x000068C0, 0xBD0 Bytes, ...)
T623F26C0 000:509.287   Data:  8C 59 AC 51 04 36 9C 1B 03 2C F9 D8 04 3B 9B 08 ...
T623F26C0 000:509.295   completely In flash
T623F26C0 000:509.302 - 0.024ms returns 0xBD0
T623F26C0 000:509.408 JLINK_WriteMem(0x00007490, 0x594 Bytes, ...)
T623F26C0 000:509.416   Data:  AE A9 A0 A7 B2 B5 BC BB 96 91 98 9F 8A 8D 84 83 ...
T623F26C0 000:509.424   completely In flash
T623F26C0 000:509.431 - 0.022ms returns 0x594
T623F26C0 000:509.587 JLINK_WriteMem(0x00007A24, 0x90 Bytes, ...)
T623F26C0 000:509.595   Data:  03 00 00 00 55 2D 00 00 04 00 00 00 55 2D 00 00 ...
T623F26C0 000:509.603   completely In flash
T623F26C0 000:509.610 - 0.023ms returns 0x90
T623F26C0 000:509.784 JLINK_WriteMem(0x01010018, 0x1C Bytes, ...)
T623F26C0 000:509.792   Data:  FF FF FF FF FF FF FF FF FF FF FF FF FF FF FF FF ...
T623F26C0 000:510.411   completely In flash
T623F26C0 000:510.423 - 0.640ms returns 0x1C
T623F26C0 000:511.646 JLINK_EndDownload()
T623F26C0 000:511.772   CPU_ReadMem(4 bytes @ 0x40019004)
T623F26C0 000:511.954   CPU_ReadMem(4 bytes @ 0xE000ED90)
T623F26C0 000:512.132   CPU_ReadMem(4 bytes @ 0xE000ED94)
T623F26C0 000:512.317    -- --------------------------------------
T623F26C0 000:512.333    -- Start of determining flash info (Bank @ 0x01010010)
T623F26C0 000:512.350    -- End of determining flash info
T623F26C0 000:512.357    -- Start of determining dirty areas in flash cache
T623F26C0 000:512.366    -- Filling invalid ranges in sector buffer (flash cache) for sector @ 0x01010010 if necessary
T623F26C0 000:512.374    -- End of determining dirty areas
T623F26C0 000:512.380    -- Start of preparing flash programming
T623F26C0 000:512.387    -- Preparing RAMCode
T623F26C0 000:512.394    -- Calculating RAM usage
T623F26C0 000:512.401    -- RAM usage = 4560 Bytes
T623F26C0 000:512.407    -- Preserving CPU registers
T623F26C0 000:515.783    -- Preparing memory
T623F26C0 000:515.805    -- Determining CPU clock frequency
T623F26C0 000:548.542    -- CPU frequency = 498 kHz
T623F26C0 000:548.566    -- Preparing target
T623F26C0 000:548.573    -- Preserving target RAM temporarily used for programming
T623F26C0 000:569.061    -- Downloading RAMCode
T623F26C0 000:594.284    -- Initializing RAMCode (InitType: 3 = Verify)
T623F26C0 000:594.307    -- Executing Init(3)
T623F26C0 000:601.387    -- End of preparing flash programming
T623F26C0 000:601.413   
  ***** Warning: 
T623F26C0 000:601.420   CPU is running at very low speed (498 kHz). Readback will be performed instead of CRC calculation.
T623F26C0 000:601.426    -- CPU is running at 498 kHz.
T623F26C0 000:601.433    -- Start of comparing flash
T623F26C0 000:601.440    -- Flash algorithm supports a native verify function which is used to compare the flash content.
T623F26C0 000:601.450    -- Comparing range 0x1010010 - 0x1010033 (1 Sector, 36 Bytes), using verify function of the RAMCode
T623F26C0 000:602.438    -- Data matches for sector 0
T623F26C0 000:602.453    -- End of comparing flash
T623F26C0 000:602.460    -- Start of erasing sectors
T623F26C0 000:602.466    -- End of erasing sectors
T623F26C0 000:602.472    -- Start of flash programming
T623F26C0 000:602.479    -- End of flash programming
T623F26C0 000:602.485    -- Start of verifying flash
T623F26C0 000:602.492    -- End of verifying flash
T623F26C0 000:602.498    -- Start of restoring
T623F26C0 000:602.514    -- Executing UnInit()
T623F26C0 000:605.652    -- Restoring target memory
T623F26C0 000:624.102    -- Restoring CPU registers
T623F26C0 000:624.370    -- End of restoring
T623F26C0 000:624.381    -- Bank 0 @ 0x01010010: Skipped. Contents already match
T623F26C0 000:624.388    -- Bank 0 @ 0x01010010: Skipped. Contents already match
T623F26C0 000:624.397    -- --------------------------------------
T623F26C0 000:624.403    -- Flash bank @ 0x00000000: Default: L2 verify disabled because algorithm performs L1 verify
T623F26C0 000:624.410    -- Start of determining dirty areas in flash cache
T623F26C0 000:624.418    -- Filling invalid ranges in sector buffer (flash cache) for sector @ 0x00000000 if necessary
T623F26C0 000:624.425    -- Filling invalid ranges in sector buffer (flash cache) for sector @ 0x00000800 if necessary
T623F26C0 000:624.432    -- Filling invalid ranges in sector buffer (flash cache) for sector @ 0x00001000 if necessary
T623F26C0 000:624.438    -- Filling invalid ranges in sector buffer (flash cache) for sector @ 0x00001800 if necessary
T623F26C0 000:624.445    -- Filling invalid ranges in sector buffer (flash cache) for sector @ 0x00002000 if necessary
T623F26C0 000:624.452    -- Filling invalid ranges in sector buffer (flash cache) for sector @ 0x00002800 if necessary
T623F26C0 000:624.458    -- Filling invalid ranges in sector buffer (flash cache) for sector @ 0x00003000 if necessary
T623F26C0 000:624.465    -- Filling invalid ranges in sector buffer (flash cache) for sector @ 0x00003800 if necessary
T623F26C0 000:624.472    -- Filling invalid ranges in sector buffer (flash cache) for sector @ 0x00004000 if necessary
T623F26C0 000:624.478    -- Filling invalid ranges in sector buffer (flash cache) for sector @ 0x00004800 if necessary
T623F26C0 000:624.485    -- Filling invalid ranges in sector buffer (flash cache) for sector @ 0x00005000 if necessary
T623F26C0 000:624.492    -- Filling invalid ranges in sector buffer (flash cache) for sector @ 0x00005800 if necessary
T623F26C0 000:624.498    -- Filling invalid ranges in sector buffer (flash cache) for sector @ 0x00006000 if necessary
T623F26C0 000:624.505    -- Filling invalid ranges in sector buffer (flash cache) for sector @ 0x00006800 if necessary
T623F26C0 000:624.512    -- Filling invalid ranges in sector buffer (flash cache) for sector @ 0x00007000 if necessary
T623F26C0 000:624.518    -- Filling invalid ranges in sector buffer (flash cache) for sector @ 0x00007800 if necessary
T623F26C0 000:624.576    -- End of determining dirty areas
T623F26C0 000:624.583    -- Start of preparing flash programming
T623F26C0 000:624.589    -- Calculating RAM usage
T623F26C0 000:624.606    -- RAM usage = 4308 Bytes
T623F26C0 000:624.613    -- Preserving CPU registers
T623F26C0 000:624.637    -- Determining CPU clock frequency
T623F26C0 000:656.548    -- Preparing target
T623F26C0 000:658.809    -- Preserving target RAM temporarily used for programming
T623F26C0 000:673.555    -- Downloading RAMCode
T623F26C0 000:686.063    -- Preparing RAMCode
T623F26C0 000:691.637    -- CPU frequency = 8000 kHz
T623F26C0 000:691.654    -- End of preparing flash programming
T623F26C0 000:691.664   
  ***** Warning: 
T623F26C0 000:691.670   CPU is running at low speed (8000 kHz).
T623F26C0 000:691.676    -- CPU is running at 8000 kHz.
T623F26C0 000:691.683    -- Start of comparing flash
T623F26C0 000:691.690    -- CRC check was estimated as fastest method
T623F26C0 000:691.698    -- Comparing range 0x0000 - 0x7FFF (16 Sectors, 32 KB), using multi-block CRC calculation
T623F26C0 000:698.838    -- CRC does not match for sectors 0-15
T623F26C0 000:698.863    -- End of comparing flash
T623F26C0 000:698.870    -- Start of erasing sectors
T623F26C0 000:698.876    -- End of erasing sectors
T623F26C0 000:698.883    -- Start of flash programming
T623F26C0 000:698.891    -- Programming range 0x00000000 - 0x00003FFF (  8 Sectors, 16 KB)
T623F26C0 000:905.735    -- Programming range 0x00004000 - 0x00007FFF (  8 Sectors, 16 KB)
T623F26C0 001:123.052    -- End of flash programming
T623F26C0 001:123.069    -- 0x0000 - 0x7FFF ( 16 Sectors, 32 KB)
T623F26C0 001:123.074    -- Start of restoring
T623F26C0 001:123.079    -- Restoring RAMCode
T623F26C0 001:154.189    -- Restoring target memory
T623F26C0 001:168.677    -- Restore target
T623F26C0 001:169.934    -- Restoring CPU registers
T623F26C0 001:170.201    -- End of restoring
T623F26C0 001:170.215    -- Bank 1 @ 0x00000000: 1 range affected (32768 bytes)
T623F26C0 001:170.222    -- Total: 0.545s (Prepare: 0.067s, Compare: 0.007s, Erase: 0.000s, Program & Verify: 0.453s, Restore: 0.018s)
T623F26C0 001:170.228    -- Program & Verify speed: 70 KB/s
T623F26C0 001:170.378 - 658.732ms returns 32768 (0x8000)
T623F26C0 001:170.484 JLINK_WriteReg(R15 (PC), 0x000059B8)
T623F26C0 001:170.498 - 0.015ms returns 0
T623F26C0 001:170.505 JLINK_WriteReg(XPSR, 0x01000000)
T623F26C0 001:170.509 - 0.005ms returns 0
T623F26C0 001:170.519 JLINK_ResetPullsRESET(ON)
T623F26C0 001:170.523 - 0.004ms
T623F26C0 001:170.527 JLINK_Halt()
T623F26C0 001:170.819 - 0.291ms returns 0x00
T623F26C0 001:170.832 JLINK_IsHalted()
T623F26C0 001:170.838 - 0.006ms returns TRUE
T623F26C0 001:170.843 JLINK_Reset()
T623F26C0 001:170.854   CPU_ReadMem(4 bytes @ 0x20000000)
T623F26C0 001:171.103   CPU_WriteMem(4 bytes @ 0x20000000)
T623F26C0 001:171.385   CPU_WriteMem(4 bytes @ 0xE000EDF0)
T623F26C0 001:171.608   CPU_ReadMem(4 bytes @ 0xE000ED44)
T623F26C0 001:171.808   CPU_WriteMem(4 bytes @ 0xE000EDFC)
T623F26C0 001:172.037   Reset: Halt core after reset via DEMCR.VC_CORERESET.
T623F26C0 001:173.444   Reset: Reset device via AIRCR.SYSRESETREQ.
T623F26C0 001:173.454   CPU_WriteMem(4 bytes @ 0xE000ED0C)
T623F26C0 001:230.501   CPU_ReadMem(4 bytes @ 0xE000EDF0)
T623F26C0 001:230.855   CPU_ReadMem(4 bytes @ 0xE000EDF0)
T623F26C0 001:231.160   CPU_WriteMem(4 bytes @ 0xE000EDFC)
T623F26C0 001:237.834   CPU_ReadMem(4 bytes @ 0xE000EDF0)
T623F26C0 001:240.611   CPU_WriteMem(4 bytes @ 0xE0002000)
T623F26C0 001:240.937   CPU_ReadMem(4 bytes @ 0xE000EDFC)
T623F26C0 001:241.172   CPU_ReadMem(4 bytes @ 0xE0001000)
T623F26C0 001:241.438   CPU_WriteMem(4 bytes @ 0xE0001000)
T623F26C0 001:241.799   CPU_ReadMem(4 bytes @ 0xE000EE08)
T623F26C0 001:242.069 - 71.225ms
T623F26C0 001:242.098 JLINK_SetEndian(ARM_ENDIAN_LITTLE)
T623F26C0 001:242.110 - 0.012ms returns 0
T623F26C0 001:242.693 JLINK_ResetPullsRESET(ON)
T623F26C0 001:242.722 - 0.029ms
T623F26C0 001:242.738 JLINK_Halt()
T623F26C0 001:242.750 - 0.012ms returns 0x00
T623F26C0 001:242.761 JLINK_IsHalted()
T623F26C0 001:242.774 - 0.013ms returns TRUE
T623F26C0 001:242.786 JLINK_Reset()
T623F26C0 001:242.809   CPU_WriteMem(4 bytes @ 0xE000EDF0)
T623F26C0 001:243.074   CPU_ReadMem(4 bytes @ 0xE000ED44)
T623F26C0 001:243.402   CPU_WriteMem(4 bytes @ 0xE000EDFC)
T623F26C0 001:243.732   Reset: Halt core after reset via DEMCR.VC_CORERESET.
T623F26C0 001:246.270   Reset: Reset device via AIRCR.SYSRESETREQ.
T623F26C0 001:246.308   CPU_WriteMem(4 bytes @ 0xE000ED0C)
T623F26C0 001:301.221   CPU_ReadMem(4 bytes @ 0xE000EDF0)
T623F26C0 001:301.493   CPU_ReadMem(4 bytes @ 0xE000EDF0)
T623F26C0 001:301.695   CPU_WriteMem(4 bytes @ 0xE000EDFC)
T623F26C0 001:307.205   CPU_ReadMem(4 bytes @ 0xE000EDF0)
T623F26C0 001:309.825   CPU_WriteMem(4 bytes @ 0xE0002000)
T623F26C0 001:310.083   CPU_ReadMem(4 bytes @ 0xE000EDFC)
T623F26C0 001:310.305   CPU_ReadMem(4 bytes @ 0xE0001000)
T623F26C0 001:310.533   CPU_WriteMem(4 bytes @ 0xE0001000)
T623F26C0 001:310.785   CPU_ReadMem(4 bytes @ 0xE000EE08)
T623F26C0 001:310.987 - 68.201ms
T623F26C0 001:311.006 JLINK_SetEndian(ARM_ENDIAN_LITTLE)
T623F26C0 001:311.012 - 0.007ms returns 0
T623F26C0 001:311.678 JLINK_ReadReg(XPSR)
T623F26C0 001:311.695   CPU_ReadMem(4 bytes @ 0xE000EE08)
T623F26C0 001:311.954 - 0.275ms returns 0x21000000
T623F26C0 001:314.659 JLINK_ReadReg(XPSR)
T623F26C0 001:314.675 - 0.017ms returns 0x21000000
T623F26C0 001:314.995 JLINK_ReadMem(0x000059B8, 0x4 Bytes, ...)
T623F26C0 001:315.016    -- Read from flash cache (4 bytes @ 0x000059B8)
T623F26C0 001:315.025   Data:  10 B5 00 F0
T623F26C0 001:315.032 - 0.037ms returns 0
T623F26C0 001:315.112 JLINK_ReadMem(0x000059B4, 0x4 Bytes, ...)
T623F26C0 001:315.122    -- Read from flash cache (4 bytes @ 0x000059B4)
T623F26C0 001:315.129   Data:  00 BE 70 47
T623F26C0 001:315.137 - 0.025ms returns 0
T623F26C0 001:315.210 JLINK_ReadMem(0x000059B8, 0x4 Bytes, ...)
T623F26C0 001:315.219    -- Read from flash cache (4 bytes @ 0x000059B8)
T623F26C0 001:315.226   Data:  10 B5 00 F0
T623F26C0 001:315.234 - 0.025ms returns 0
T623F26C0 001:315.306 JLINK_ReadMem(0x000059B4, 0x4 Bytes, ...)
T623F26C0 001:315.315    -- Read from flash cache (4 bytes @ 0x000059B4)
T623F26C0 001:315.322   Data:  00 BE 70 47
T623F26C0 001:315.330 - 0.025ms returns 0
T623F26C0 001:315.401 JLINK_ReadMem(0x000059B8, 0x2 Bytes, ...)
T623F26C0 001:315.410    -- Read from flash cache (2 bytes @ 0x000059B8)
T623F26C0 001:315.418   Data:  10 B5
T623F26C0 001:315.425 - 0.024ms returns 0
T623F26C0 001:315.552 JLINK_ReadMem(0x000059B6, 0x2 Bytes, ...)
T623F26C0 001:315.561    -- Read from flash cache (2 bytes @ 0x000059B6)
T623F26C0 001:315.569   Data:  70 47
T623F26C0 001:315.576 - 0.024ms returns 0
T623F26C0 001:315.660 JLINK_ReadMem(0x000059B4, 0x2 Bytes, ...)
T623F26C0 001:315.669    -- Read from flash cache (2 bytes @ 0x000059B4)
T623F26C0 001:315.676   Data:  00 BE
T623F26C0 001:315.683 - 0.024ms returns 0
T623F26C0 001:315.765 JLINK_ReadMem(0x000059B8, 0x2 Bytes, ...)
T623F26C0 001:315.774    -- Read from flash cache (2 bytes @ 0x000059B8)
T623F26C0 001:315.781   Data:  10 B5
T623F26C0 001:315.789 - 0.023ms returns 0
T623F26C0 001:315.874 JLINK_ReadMem(0x000059B6, 0x2 Bytes, ...)
T623F26C0 001:315.883    -- Read from flash cache (2 bytes @ 0x000059B6)
T623F26C0 001:315.890   Data:  70 47
T623F26C0 001:315.898 - 0.023ms returns 0
T623F26C0 001:315.979 JLINK_ReadMem(0x000059B4, 0x2 Bytes, ...)
T623F26C0 001:315.988    -- Read from flash cache (2 bytes @ 0x000059B4)
T623F26C0 001:315.995   Data:  00 BE
T623F26C0 001:316.003 - 0.024ms returns 0
T623F26C0 001:316.088 JLINK_ReadMem(0x000059B8, 0x4 Bytes, ...)
T623F26C0 001:316.097    -- Read from flash cache (4 bytes @ 0x000059B8)
T623F26C0 001:316.104   Data:  10 B5 00 F0
T623F26C0 001:316.111 - 0.024ms returns 0
T623F26C0 001:316.184 JLINK_ReadMem(0x000059B4, 0x4 Bytes, ...)
T623F26C0 001:316.193    -- Read from flash cache (4 bytes @ 0x000059B4)
T623F26C0 001:316.201   Data:  00 BE 70 47
T623F26C0 001:316.208 - 0.024ms returns 0
T623F26C0 001:316.280 JLINK_ReadMem(0x000059B8, 0x4 Bytes, ...)
T623F26C0 001:316.289    -- Read from flash cache (4 bytes @ 0x000059B8)
T623F26C0 001:316.296   Data:  10 B5 00 F0
T623F26C0 001:316.303 - 0.024ms returns 0
T623F26C0 001:316.374 JLINK_ReadMem(0x000059B4, 0x4 Bytes, ...)
T623F26C0 001:316.383    -- Read from flash cache (4 bytes @ 0x000059B4)
T623F26C0 001:316.390   Data:  00 BE 70 47
T623F26C0 001:316.398 - 0.023ms returns 0
T623F26C0 001:316.469 JLINK_ReadMem(0x000059B8, 0x4 Bytes, ...)
T623F26C0 001:316.478    -- Read from flash cache (4 bytes @ 0x000059B8)
T623F26C0 001:316.485   Data:  10 B5 00 F0
T623F26C0 001:316.493 - 0.023ms returns 0
T623F26C0 001:316.564 JLINK_ReadMem(0x000059B8, 0x4 Bytes, ...)
T623F26C0 001:316.572    -- Read from flash cache (4 bytes @ 0x000059B8)
T623F26C0 001:316.580   Data:  10 B5 00 F0
T623F26C0 001:316.587 - 0.024ms returns 0
T623F26C0 001:316.660 JLINK_ReadMem(0x000059B8, 0x4 Bytes, ...)
T623F26C0 001:316.669    -- Read from flash cache (4 bytes @ 0x000059B8)
T623F26C0 001:316.676   Data:  10 B5 00 F0
T623F26C0 001:316.684 - 0.023ms returns 0
T623F26C0 001:317.453 JLINK_ReadMem(0x000059B8, 0x4 Bytes, ...)
T623F26C0 001:317.469    -- Read from flash cache (4 bytes @ 0x000059B8)
T623F26C0 001:317.477   Data:  10 B5 00 F0
T623F26C0 001:317.485 - 0.031ms returns 0
T623F26C0 001:317.559 JLINK_ReadMem(0x000059B4, 0x4 Bytes, ...)
T623F26C0 001:317.568    -- Read from flash cache (4 bytes @ 0x000059B4)
T623F26C0 001:317.583   Data:  00 BE 70 47
T623F26C0 001:317.590 - 0.032ms returns 0
T623F26C0 001:317.687 JLINK_ReadMem(0x000059B8, 0x4 Bytes, ...)
T623F26C0 001:317.699    -- Read from flash cache (4 bytes @ 0x000059B8)
T623F26C0 001:317.709   Data:  10 B5 00 F0
T623F26C0 001:317.720 - 0.033ms returns 0
T623F26C0 001:317.838 JLINK_ReadMem(0x000059B4, 0x4 Bytes, ...)
T623F26C0 001:317.848    -- Read from flash cache (4 bytes @ 0x000059B4)
T623F26C0 001:317.855   Data:  00 BE 70 47
T623F26C0 001:317.863 - 0.025ms returns 0
T623F26C0 001:317.977 JLINK_ReadMem(0x000059B8, 0x2 Bytes, ...)
T623F26C0 001:317.999    -- Read from flash cache (2 bytes @ 0x000059B8)
T623F26C0 001:318.010   Data:  10 B5
T623F26C0 001:318.018 - 0.041ms returns 0
T623F26C0 001:318.113 JLINK_ReadMem(0x000059B6, 0x2 Bytes, ...)
T623F26C0 001:318.122    -- Read from flash cache (2 bytes @ 0x000059B6)
T623F26C0 001:318.129   Data:  70 47
T623F26C0 001:318.137 - 0.024ms returns 0
T623F26C0 001:318.222 JLINK_ReadMem(0x000059B4, 0x2 Bytes, ...)
T623F26C0 001:318.231    -- Read from flash cache (2 bytes @ 0x000059B4)
T623F26C0 001:318.238   Data:  00 BE
T623F26C0 001:318.246 - 0.023ms returns 0
T623F26C0 001:318.331 JLINK_ReadMem(0x000059B8, 0x2 Bytes, ...)
T623F26C0 001:318.340    -- Read from flash cache (2 bytes @ 0x000059B8)
T623F26C0 001:318.347   Data:  10 B5
T623F26C0 001:318.354 - 0.023ms returns 0
T623F26C0 001:318.439 JLINK_ReadMem(0x000059B6, 0x2 Bytes, ...)
T623F26C0 001:318.447    -- Read from flash cache (2 bytes @ 0x000059B6)
T623F26C0 001:318.455   Data:  70 47
T623F26C0 001:318.462 - 0.024ms returns 0
T623F26C0 001:318.545 JLINK_ReadMem(0x000059B4, 0x2 Bytes, ...)
T623F26C0 001:318.554    -- Read from flash cache (2 bytes @ 0x000059B4)
T623F26C0 001:318.561   Data:  00 BE
T623F26C0 001:318.569 - 0.023ms returns 0
T623F26C0 001:318.652 JLINK_ReadMem(0x000059B8, 0x4 Bytes, ...)
T623F26C0 001:318.661    -- Read from flash cache (4 bytes @ 0x000059B8)
T623F26C0 001:318.668   Data:  10 B5 00 F0
T623F26C0 001:318.675 - 0.024ms returns 0
T623F26C0 001:318.760 JLINK_ReadMem(0x000059B4, 0x4 Bytes, ...)
T623F26C0 001:318.768    -- Read from flash cache (4 bytes @ 0x000059B4)
T623F26C0 001:318.776   Data:  00 BE 70 47
T623F26C0 001:318.783 - 0.024ms returns 0
T623F26C0 001:318.868 JLINK_ReadMem(0x000059B8, 0x4 Bytes, ...)
T623F26C0 001:318.877    -- Read from flash cache (4 bytes @ 0x000059B8)
T623F26C0 001:318.884   Data:  10 B5 00 F0
T623F26C0 001:318.891 - 0.024ms returns 0
T623F26C0 001:318.975 JLINK_ReadMem(0x000059B4, 0x4 Bytes, ...)
T623F26C0 001:318.984    -- Read from flash cache (4 bytes @ 0x000059B4)
T623F26C0 001:318.991   Data:  00 BE 70 47
T623F26C0 001:318.999 - 0.024ms returns 0
T623F26C0 001:319.083 JLINK_ReadMem(0x000059B8, 0x4 Bytes, ...)
T623F26C0 001:319.092    -- Read from flash cache (4 bytes @ 0x000059B8)
T623F26C0 001:319.099   Data:  10 B5 00 F0
T623F26C0 001:319.107 - 0.023ms returns 0
T623F26C0 001:319.188 JLINK_ReadMem(0x000059B8, 0x4 Bytes, ...)
T623F26C0 001:319.196    -- Read from flash cache (4 bytes @ 0x000059B8)
T623F26C0 001:319.203   Data:  10 B5 00 F0
T623F26C0 001:319.211 - 0.024ms returns 0
T623F26C0 001:319.303 JLINK_ReadMem(0x000059B8, 0x4 Bytes, ...)
T623F26C0 001:319.311    -- Read from flash cache (4 bytes @ 0x000059B8)
T623F26C0 001:319.317   Data:  10 B5 00 F0
T623F26C0 001:319.323 - 0.020ms returns 0
T623F26C0 001:319.821 JLINK_ReadReg(XPSR)
T623F26C0 001:319.836 - 0.015ms returns 0x21000000
T623F26C0 001:320.060 JLINK_ReadMem(0x000059B8, 0x4 Bytes, ...)
T623F26C0 001:320.069    -- Read from flash cache (4 bytes @ 0x000059B8)
T623F26C0 001:320.075   Data:  10 B5 00 F0
T623F26C0 001:320.082 - 0.021ms returns 0
T623F26C0 001:320.157 JLINK_ReadMem(0x000059B4, 0x4 Bytes, ...)
T623F26C0 001:320.164    -- Read from flash cache (4 bytes @ 0x000059B4)
T623F26C0 001:320.171   Data:  00 BE 70 47
T623F26C0 001:320.177 - 0.021ms returns 0
T623F26C0 001:320.249 JLINK_ReadMem(0x000059B8, 0x4 Bytes, ...)
T623F26C0 001:320.257    -- Read from flash cache (4 bytes @ 0x000059B8)
T623F26C0 001:320.270   Data:  10 B5 00 F0
T623F26C0 001:320.276 - 0.027ms returns 0
T623F26C0 001:320.349 JLINK_ReadMem(0x000059B4, 0x4 Bytes, ...)
T623F26C0 001:320.357    -- Read from flash cache (4 bytes @ 0x000059B4)
T623F26C0 001:320.363   Data:  00 BE 70 47
T623F26C0 001:320.370 - 0.020ms returns 0
T623F26C0 001:320.443 JLINK_ReadMem(0x000059B8, 0x2 Bytes, ...)
T623F26C0 001:320.451    -- Read from flash cache (2 bytes @ 0x000059B8)
T623F26C0 001:320.457   Data:  10 B5
T623F26C0 001:320.464 - 0.021ms returns 0
T623F26C0 001:320.535 JLINK_ReadMem(0x000059B6, 0x2 Bytes, ...)
T623F26C0 001:320.543    -- Read from flash cache (2 bytes @ 0x000059B6)
T623F26C0 001:320.549   Data:  70 47
T623F26C0 001:320.556 - 0.020ms returns 0
T623F26C0 001:320.627 JLINK_ReadMem(0x000059B4, 0x2 Bytes, ...)
T623F26C0 001:320.634    -- Read from flash cache (2 bytes @ 0x000059B4)
T623F26C0 001:320.641   Data:  00 BE
T623F26C0 001:320.647 - 0.020ms returns 0
T623F26C0 001:320.721 JLINK_ReadMem(0x000059B8, 0x2 Bytes, ...)
T623F26C0 001:320.728    -- Read from flash cache (2 bytes @ 0x000059B8)
T623F26C0 001:320.735   Data:  10 B5
T623F26C0 001:320.741 - 0.020ms returns 0
T623F26C0 001:320.813 JLINK_ReadMem(0x000059B6, 0x2 Bytes, ...)
T623F26C0 001:320.821    -- Read from flash cache (2 bytes @ 0x000059B6)
T623F26C0 001:320.827   Data:  70 47
T623F26C0 001:320.834 - 0.021ms returns 0
T623F26C0 001:320.905 JLINK_ReadMem(0x000059B4, 0x2 Bytes, ...)
T623F26C0 001:320.912    -- Read from flash cache (2 bytes @ 0x000059B4)
T623F26C0 001:320.919   Data:  00 BE
T623F26C0 001:320.925 - 0.020ms returns 0
T623F26C0 001:320.997 JLINK_ReadMem(0x000059B8, 0x4 Bytes, ...)
T623F26C0 001:321.004    -- Read from flash cache (4 bytes @ 0x000059B8)
T623F26C0 001:321.010   Data:  10 B5 00 F0
T623F26C0 001:321.017 - 0.021ms returns 0
T623F26C0 001:321.090 JLINK_ReadMem(0x000059B4, 0x4 Bytes, ...)
T623F26C0 001:321.097    -- Read from flash cache (4 bytes @ 0x000059B4)
T623F26C0 001:321.104   Data:  00 BE 70 47
T623F26C0 001:321.110 - 0.021ms returns 0
T623F26C0 001:321.184 JLINK_ReadMem(0x000059B8, 0x4 Bytes, ...)
T623F26C0 001:321.191    -- Read from flash cache (4 bytes @ 0x000059B8)
T623F26C0 001:321.198   Data:  10 B5 00 F0
T623F26C0 001:321.204 - 0.021ms returns 0
T623F26C0 001:321.277 JLINK_ReadMem(0x000059B4, 0x4 Bytes, ...)
T623F26C0 001:321.285    -- Read from flash cache (4 bytes @ 0x000059B4)
T623F26C0 001:321.291   Data:  00 BE 70 47
T623F26C0 001:321.298 - 0.020ms returns 0
T623F26C0 001:321.372 JLINK_ReadMem(0x000059B8, 0x4 Bytes, ...)
T623F26C0 001:321.379    -- Read from flash cache (4 bytes @ 0x000059B8)
T623F26C0 001:321.385   Data:  10 B5 00 F0
T623F26C0 001:321.392 - 0.021ms returns 0
T623F26C0 001:321.466 JLINK_ReadMem(0x000059B8, 0x4 Bytes, ...)
T623F26C0 001:321.473    -- Read from flash cache (4 bytes @ 0x000059B8)
T623F26C0 001:321.480   Data:  10 B5 00 F0
T623F26C0 001:321.486 - 0.021ms returns 0
T623F26C0 001:321.561 JLINK_ReadMem(0x000059B8, 0x4 Bytes, ...)
T623F26C0 001:321.569    -- Read from flash cache (4 bytes @ 0x000059B8)
T623F26C0 001:321.575   Data:  10 B5 00 F0
T623F26C0 001:321.581 - 0.020ms returns 0
T623F26C0 001:377.435 JLINK_ReadReg(XPSR)
T623F26C0 001:377.459 - 0.025ms returns 0x21000000
T623F26C0 001:387.261 JLINK_GetNumBPUnits(Type = 0xFFFFFF00)
T623F26C0 001:387.277 - 0.017ms returns 0x04
T623F26C0 001:387.281 JLINK_GetNumWPUnits()
T623F26C0 001:387.284 - 0.003ms returns 2
T623F26C0 001:387.287 JLINK_GetNumWPUnits()
T623F26C0 001:387.291 - 0.003ms returns 2
T623F26C0 001:387.296 JLINK_GetNumBPUnits(Type = 0xFFFFFF00)
T623F26C0 001:387.300 - 0.004ms returns 0x04
T623F26C0 001:387.303 JLINK_GetNumWPUnits()
T623F26C0 001:387.306 - 0.003ms returns 2
T623F26C0 001:387.309 JLINK_GetNumWPUnits()
T623F26C0 001:387.312 - 0.003ms returns 2
T623F26C0 001:387.317 JLINK_GetNumBPUnits(Type = 0xFFFFFF00)
T623F26C0 001:387.320 - 0.003ms returns 0x04
T623F26C0 001:387.324 JLINK_GetNumWPUnits()
T623F26C0 001:387.327 - 0.004ms returns 2
T623F26C0 001:387.336 JLINK_GetNumWPUnits()
T623F26C0 001:387.339 - 0.003ms returns 2
T623F26C0 001:387.361 JLINK_SetBPEx(Addr = 0x00003310, Type = 0xFFFFFF00)
T623F26C0 001:387.368 - 0.007ms returns 0x00000001
T623F26C0 001:387.374 JLINK_ClrBPEx(BPHandle = 0x00000001)
T623F26C0 001:387.377 - 0.004ms returns 0x00
T623F26C0 001:388.178 JLINK_ReadMem(0x00003300, 0x40 Bytes, ...)
T623F26C0 001:388.188    -- Read from flash cache (64 bytes @ 0x00003300)
T623F26C0 001:388.194   Data:  00 01 40 F2 74 60 C2 F2 00 00 01 F0 B7 F8 F1 E7 ...
T623F26C0 001:388.199 - 0.021ms returns 0
T623F26C0 001:388.334 JLINK_ReadMem(0x00003312, 0x2 Bytes, ...)
T623F26C0 001:388.340    -- Read from flash cache (2 bytes @ 0x00003312)
T623F26C0 001:388.344   Data:  FF F7
T623F26C0 001:388.349 - 0.016ms returns 0
T623F26C0 001:388.410 JLINK_ReadMem(0x00003312, 0x4 Bytes, ...)
T623F26C0 001:388.415    -- Read from flash cache (4 bytes @ 0x00003312)
T623F26C0 001:388.420   Data:  FF F7 A3 FF
T623F26C0 001:388.425 - 0.016ms returns 0
T623F26C0 001:388.528 JLINK_ReadMem(0x00003312, 0x2 Bytes, ...)
T623F26C0 001:388.533    -- Read from flash cache (2 bytes @ 0x00003312)
T623F26C0 001:388.538   Data:  FF F7
T623F26C0 001:388.543 - 0.015ms returns 0
T623F26C0 001:388.608 JLINK_SetBPEx(Addr = 0x00003312, Type = 0xFFFFFF00)
T623F26C0 001:388.615 - 0.008ms returns 0x00000002
T623F26C0 001:392.084 JLINK_ReadRegs(NumRegs = 22, Indexes: 0, 1, 2, 3, 4, 5, 6, 7, 8, 9, 10, 11, 12, 13, 14, 15, 16, 17, 18, 86, 87, 20)
T623F26C0 001:392.132    -- R0=0x200007D4, R1=0x40044400, R2=0x00, R3=0x7800, R4=0x200007D4, R5=0x200007F4, R6=0x200007F4, R7=0xE2244BEE, R8=0x34D60F7B, R9=0xDC736E7A, R10=0x18A523B9, R11=0x77FB79FF, R12=0x20000758, R13 (SP)=0x20001168, R14=0x2000032F, R15 (PC)=0x59B8, XPSR=0x21000000, MSP=0x20001168, PSP=0xF9DC7BE4, MSPLIM=0x00, PSPLIM=0x00, CFBP=0x00
T623F26C0 001:392.140 - 0.057ms returns 0x00
T623F26C0 001:392.303 JLINK_ReadReg(XPSR)
T623F26C0 001:392.313 - 0.011ms returns 0x21000000
T623F26C0 001:392.624 JLINK_ReadMem(0x000059B8, 0x4 Bytes, ...)
T623F26C0 001:392.636    -- Read from flash cache (4 bytes @ 0x000059B8)
T623F26C0 001:392.644   Data:  10 B5 00 F0
T623F26C0 001:392.651 - 0.027ms returns 0
T623F26C0 001:392.725 JLINK_ReadMem(0x000059B4, 0x4 Bytes, ...)
T623F26C0 001:392.734    -- Read from flash cache (4 bytes @ 0x000059B4)
T623F26C0 001:392.740   Data:  00 BE 70 47
T623F26C0 001:392.747 - 0.022ms returns 0
T623F26C0 001:392.813 JLINK_ReadMem(0x000059B8, 0x4 Bytes, ...)
T623F26C0 001:392.821    -- Read from flash cache (4 bytes @ 0x000059B8)
T623F26C0 001:392.827   Data:  10 B5 00 F0
T623F26C0 001:392.833 - 0.021ms returns 0
T623F26C0 001:392.900 JLINK_ReadMem(0x000059B4, 0x4 Bytes, ...)
T623F26C0 001:392.908    -- Read from flash cache (4 bytes @ 0x000059B4)
T623F26C0 001:392.915   Data:  00 BE 70 47
T623F26C0 001:392.921 - 0.021ms returns 0
T623F26C0 001:392.992 JLINK_ReadMem(0x000059B8, 0x2 Bytes, ...)
T623F26C0 001:393.000    -- Read from flash cache (2 bytes @ 0x000059B8)
T623F26C0 001:393.006   Data:  10 B5
T623F26C0 001:393.013 - 0.022ms returns 0
T623F26C0 001:393.082 JLINK_ReadMem(0x000059B6, 0x2 Bytes, ...)
T623F26C0 001:393.090    -- Read from flash cache (2 bytes @ 0x000059B6)
T623F26C0 001:393.097   Data:  70 47
T623F26C0 001:393.103 - 0.021ms returns 0
T623F26C0 001:393.171 JLINK_ReadMem(0x000059B4, 0x2 Bytes, ...)
T623F26C0 001:393.178    -- Read from flash cache (2 bytes @ 0x000059B4)
T623F26C0 001:393.185   Data:  00 BE
T623F26C0 001:393.191 - 0.021ms returns 0
T623F26C0 001:393.262 JLINK_ReadMem(0x000059B8, 0x2 Bytes, ...)
T623F26C0 001:393.270    -- Read from flash cache (2 bytes @ 0x000059B8)
T623F26C0 001:393.277   Data:  10 B5
T623F26C0 001:393.283 - 0.021ms returns 0
T623F26C0 001:393.355 JLINK_ReadMem(0x000059B6, 0x2 Bytes, ...)
T623F26C0 001:393.363    -- Read from flash cache (2 bytes @ 0x000059B6)
T623F26C0 001:393.369   Data:  70 47
T623F26C0 001:393.376 - 0.022ms returns 0
T623F26C0 001:393.445 JLINK_ReadMem(0x000059B4, 0x2 Bytes, ...)
T623F26C0 001:393.462    -- Read from flash cache (2 bytes @ 0x000059B4)
T623F26C0 001:393.469   Data:  00 BE
T623F26C0 001:393.475 - 0.030ms returns 0
T623F26C0 001:393.546 JLINK_ReadMem(0x000059B8, 0x4 Bytes, ...)
T623F26C0 001:393.553    -- Read from flash cache (4 bytes @ 0x000059B8)
T623F26C0 001:393.560   Data:  10 B5 00 F0
T623F26C0 001:393.566 - 0.021ms returns 0
T623F26C0 001:393.632 JLINK_ReadMem(0x000059B4, 0x4 Bytes, ...)
T623F26C0 001:393.640    -- Read from flash cache (4 bytes @ 0x000059B4)
T623F26C0 001:393.646   Data:  00 BE 70 47
T623F26C0 001:393.652 - 0.020ms returns 0
T623F26C0 001:393.713 JLINK_ReadMem(0x000059B8, 0x4 Bytes, ...)
T623F26C0 001:393.721    -- Read from flash cache (4 bytes @ 0x000059B8)
T623F26C0 001:393.727   Data:  10 B5 00 F0
T623F26C0 001:393.733 - 0.021ms returns 0
T623F26C0 001:393.790 JLINK_ReadMem(0x000059B4, 0x4 Bytes, ...)
T623F26C0 001:393.797    -- Read from flash cache (4 bytes @ 0x000059B4)
T623F26C0 001:393.804   Data:  00 BE 70 47
T623F26C0 001:393.810 - 0.020ms returns 0
T623F26C0 001:393.866 JLINK_ReadMem(0x000059B8, 0x4 Bytes, ...)
T623F26C0 001:393.873    -- Read from flash cache (4 bytes @ 0x000059B8)
T623F26C0 001:393.879   Data:  10 B5 00 F0
T623F26C0 001:393.886 - 0.020ms returns 0
T623F26C0 001:393.940 JLINK_ReadMem(0x000059B8, 0x4 Bytes, ...)
T623F26C0 001:393.948    -- Read from flash cache (4 bytes @ 0x000059B8)
T623F26C0 001:393.954   Data:  10 B5 00 F0
T623F26C0 001:393.960 - 0.020ms returns 0
T623F26C0 001:394.026 JLINK_ReadMem(0x000059B8, 0x4 Bytes, ...)
T623F26C0 001:394.034    -- Read from flash cache (4 bytes @ 0x000059B8)
T623F26C0 001:394.041   Data:  10 B5 00 F0
T623F26C0 001:394.047 - 0.021ms returns 0
T61BF16C0 001:415.652 JLINK_GetNumBPUnits(Type = 0xFFFFFF00)
T61BF16C0 001:415.672 - 0.020ms returns 0x04
T61BF16C0 001:415.675 JLINK_GetNumWPUnits()
T61BF16C0 001:415.679 - 0.004ms returns 2
T61BF16C0 001:415.682 JLINK_GetNumWPUnits()
T61BF16C0 001:415.685 - 0.003ms returns 2
T61BF16C0 001:415.851 JLINK_GetNumBPUnits(Type = 0xFFFFFF00)
T61BF16C0 001:415.861 - 0.011ms returns 0x04
T61BF16C0 001:415.867 JLINK_GetNumWPUnits()
T61BF16C0 001:415.871 - 0.005ms returns 2
T61BF16C0 001:415.876 JLINK_GetNumWPUnits()
T61BF16C0 001:415.880 - 0.004ms returns 2
T61BF16C0 001:416.070 JLINK_GetNumBPUnits(Type = 0xFFFFFF00)
T61BF16C0 001:416.077 - 0.008ms returns 0x04
T61BF16C0 001:416.081 JLINK_GetNumWPUnits()
T61BF16C0 001:416.084 - 0.003ms returns 2
T61BF16C0 001:416.087 JLINK_GetNumWPUnits()
T61BF16C0 001:416.091 - 0.003ms returns 2
T61BF16C0 001:416.349 JLINK_GetNumBPUnits(Type = 0xFFFFFF00)
T61BF16C0 001:416.357 - 0.008ms returns 0x04
T61BF16C0 001:416.361 JLINK_GetNumWPUnits()
T61BF16C0 001:416.364 - 0.003ms returns 2
T61BF16C0 001:416.367 JLINK_GetNumWPUnits()
T61BF16C0 001:416.370 - 0.003ms returns 2
T623F26C0 001:416.472 JLINK_ReadReg(XPSR)
T623F26C0 001:416.491 - 0.018ms returns 0x21000000
T623F26C0 001:416.724 JLINK_ReadMem(0x000059B8, 0x4 Bytes, ...)
T623F26C0 001:416.736    -- Read from flash cache (4 bytes @ 0x000059B8)
T623F26C0 001:416.743   Data:  10 B5 00 F0
T623F26C0 001:416.750 - 0.026ms returns 0
T623F26C0 001:416.825 JLINK_ReadMem(0x000059B4, 0x4 Bytes, ...)
T623F26C0 001:416.835    -- Read from flash cache (4 bytes @ 0x000059B4)
T623F26C0 001:416.842   Data:  00 BE 70 47
T623F26C0 001:416.849 - 0.023ms returns 0
T61BF16C0 001:416.864 JLINK_GetNumBPUnits(Type = 0xFFFFFF00)
T61BF16C0 001:416.872 - 0.007ms returns 0x04
T61BF16C0 001:416.875 JLINK_GetNumWPUnits()
T61BF16C0 001:416.878 - 0.003ms returns 2
T61BF16C0 001:416.882 JLINK_GetNumWPUnits()
T61BF16C0 001:416.885 - 0.004ms returns 2
T623F26C0 001:416.923 JLINK_ReadMem(0x000059B8, 0x4 Bytes, ...)
T623F26C0 001:416.932    -- Read from flash cache (4 bytes @ 0x000059B8)
T623F26C0 001:416.938   Data:  10 B5 00 F0
T623F26C0 001:416.944 - 0.022ms returns 0
T623F26C0 001:417.048 JLINK_ReadMem(0x000059B4, 0x4 Bytes, ...)
T623F26C0 001:417.057    -- Read from flash cache (4 bytes @ 0x000059B4)
T623F26C0 001:417.064   Data:  00 BE 70 47
T623F26C0 001:417.079 - 0.031ms returns 0
T623F26C0 001:417.165 JLINK_ReadMem(0x000059B8, 0x2 Bytes, ...)
T623F26C0 001:417.173    -- Read from flash cache (2 bytes @ 0x000059B8)
T623F26C0 001:417.179   Data:  10 B5
T623F26C0 001:417.186 - 0.021ms returns 0
T61BF16C0 001:417.260 JLINK_GetNumBPUnits(Type = 0xFFFFFF00)
T61BF16C0 001:417.266 - 0.007ms returns 0x04
T61BF16C0 001:417.270 JLINK_GetNumWPUnits()
T61BF16C0 001:417.273 - 0.003ms returns 2
T61BF16C0 001:417.277 JLINK_GetNumWPUnits()
T61BF16C0 001:417.280 - 0.003ms returns 2
T623F26C0 001:417.308 JLINK_ReadMem(0x000059B6, 0x2 Bytes, ...)
T623F26C0 001:417.316    -- Read from flash cache (2 bytes @ 0x000059B6)
T623F26C0 001:417.323   Data:  70 47
T623F26C0 001:417.329 - 0.022ms returns 0
T623F26C0 001:417.397 JLINK_ReadMem(0x000059B4, 0x2 Bytes, ...)
T623F26C0 001:417.406    -- Read from flash cache (2 bytes @ 0x000059B4)
T623F26C0 001:417.412   Data:  00 BE
T623F26C0 001:417.418 - 0.021ms returns 0
T61BF16C0 001:417.439 JLINK_GetNumBPUnits(Type = 0xFFFFFF00)
T61BF16C0 001:417.445 - 0.007ms returns 0x04
T61BF16C0 001:417.448 JLINK_GetNumWPUnits()
T61BF16C0 001:417.452 - 0.003ms returns 2
T61BF16C0 001:417.455 JLINK_GetNumWPUnits()
T61BF16C0 001:417.458 - 0.003ms returns 2
T623F26C0 001:417.485 JLINK_ReadMem(0x000059B8, 0x2 Bytes, ...)
T623F26C0 001:417.493    -- Read from flash cache (2 bytes @ 0x000059B8)
T623F26C0 001:417.499   Data:  10 B5
T623F26C0 001:417.506 - 0.020ms returns 0
T61BF16C0 001:417.564 JLINK_GetNumBPUnits(Type = 0xFFFFFF00)
T61BF16C0 001:417.570 - 0.006ms returns 0x04
T61BF16C0 001:417.573 JLINK_GetNumWPUnits()
T61BF16C0 001:417.576 - 0.003ms returns 2
T61BF16C0 001:417.580 JLINK_GetNumWPUnits()
T61BF16C0 001:417.583 - 0.003ms returns 2
T623F26C0 001:417.603 JLINK_ReadMem(0x000059B6, 0x2 Bytes, ...)
T623F26C0 001:417.611    -- Read from flash cache (2 bytes @ 0x000059B6)
T623F26C0 001:417.617   Data:  70 47
T623F26C0 001:417.624 - 0.021ms returns 0
T623F26C0 001:417.689 JLINK_ReadMem(0x000059B4, 0x2 Bytes, ...)
T623F26C0 001:417.697    -- Read from flash cache (2 bytes @ 0x000059B4)
T623F26C0 001:417.703   Data:  00 BE
T623F26C0 001:417.710 - 0.021ms returns 0
T623F26C0 001:417.778 JLINK_ReadMem(0x000059B8, 0x4 Bytes, ...)
T623F26C0 001:417.785    -- Read from flash cache (4 bytes @ 0x000059B8)
T623F26C0 001:417.792   Data:  10 B5 00 F0
T623F26C0 001:417.798 - 0.021ms returns 0
T623F26C0 001:417.861 JLINK_ReadMem(0x000059B4, 0x4 Bytes, ...)
T623F26C0 001:417.868    -- Read from flash cache (4 bytes @ 0x000059B4)
T623F26C0 001:417.875   Data:  00 BE 70 47
T623F26C0 001:417.881 - 0.021ms returns 0
T623F26C0 001:417.944 JLINK_ReadMem(0x000059B8, 0x4 Bytes, ...)
T623F26C0 001:417.951    -- Read from flash cache (4 bytes @ 0x000059B8)
T623F26C0 001:417.958   Data:  10 B5 00 F0
T623F26C0 001:417.964 - 0.021ms returns 0
T623F26C0 001:418.038 JLINK_ReadMem(0x000059B4, 0x4 Bytes, ...)
T623F26C0 001:418.047    -- Read from flash cache (4 bytes @ 0x000059B4)
T623F26C0 001:418.054   Data:  00 BE 70 47
T623F26C0 001:418.060 - 0.022ms returns 0
T623F26C0 001:418.126 JLINK_ReadMem(0x000059B8, 0x4 Bytes, ...)
T623F26C0 001:418.134    -- Read from flash cache (4 bytes @ 0x000059B8)
T623F26C0 001:418.141   Data:  10 B5 00 F0
T623F26C0 001:418.147 - 0.021ms returns 0
T623F26C0 001:418.214 JLINK_ReadMem(0x000059B8, 0x4 Bytes, ...)
T623F26C0 001:418.222    -- Read from flash cache (4 bytes @ 0x000059B8)
T623F26C0 001:418.228   Data:  10 B5 00 F0
T623F26C0 001:418.235 - 0.021ms returns 0
T623F26C0 001:418.303 JLINK_ReadMem(0x000059B8, 0x4 Bytes, ...)
T623F26C0 001:418.311    -- Read from flash cache (4 bytes @ 0x000059B8)
T623F26C0 001:418.317   Data:  10 B5 00 F0
T623F26C0 001:418.324 - 0.021ms returns 0
T623F26C0 001:813.456 JLINK_ReadReg(XPSR)
T623F26C0 001:813.755 - 0.299ms returns 0x21000000
T623F26C0 004:780.869 JLINK_STRACE_Read(..., NumItems = 0x10000)
T623F26C0 004:782.278 - 1.408ms NumItemsRead = 0x00
T623F26C0 004:782.330 JLINK_IsHalted()
T623F26C0 004:782.693 - 0.361ms returns TRUE
T623F26C0 004:782.758 JLINK_STRACE_Read(..., NumItems = 0x10000)
T623F26C0 004:782.782 - 0.023ms NumItemsRead = 0x00
T623F26C0 004:782.805 JLINK_GoEx(MaxEmulInsts = 0, Flags = 0x01)
T623F26C0 004:782.845   CPU_WriteMem(4 bytes @ 0xE0002000)
T623F26C0 004:783.220   CPU_ReadMem(4 bytes @ 0xE0001000)
T623F26C0 004:783.588   CPU_WriteMem(4 bytes @ 0xE0001000)
T623F26C0 004:783.969   CPU_WriteMem(4 bytes @ 0xE0002008)
T623F26C0 004:784.012   CPU_WriteMem(4 bytes @ 0xE000200C)
T623F26C0 004:784.038   CPU_WriteMem(4 bytes @ 0xE0002010)
T623F26C0 004:784.064   CPU_WriteMem(4 bytes @ 0xE0002014)
T623F26C0 004:784.799   CPU_WriteMem(4 bytes @ 0xE0001004)
T623F26C0 004:785.753   Memory map 'after startup completion point' is active
T623F26C0 004:785.795 - 2.990ms
T623F26C0 004:886.159 JLINK_IsHalted()
T623F26C0 004:888.241 - 2.082ms returns TRUE
T623F26C0 004:888.260 JLINK_ReadReg(XPSR)
T623F26C0 004:888.270   CPU_ReadMem(4 bytes @ 0xE000EE08)
T623F26C0 004:888.567 - 0.307ms returns 0x61000000
T623F26C0 004:888.576 JLINK_ReadReg(R15 (PC))
T623F26C0 004:888.582 - 0.005ms returns 0x00003312
T623F26C0 004:888.588 JLINK_ReadReg(XPSR)
T623F26C0 004:888.591 - 0.003ms returns 0x61000000
T623F26C0 004:888.595 JLINK_ReadReg(XPSR)
T623F26C0 004:888.599 - 0.003ms returns 0x61000000
T623F26C0 004:888.602 JLINK_ReadReg(R15 (PC))
T623F26C0 004:888.605 - 0.003ms returns 0x00003312
T623F26C0 004:888.609 JLINK_ReadReg(XPSR)
T623F26C0 004:888.612 - 0.003ms returns 0x61000000
T623F26C0 004:888.616 JLINK_ReadReg(XPSR)
T623F26C0 004:888.619 - 0.003ms returns 0x61000000
T623F26C0 004:888.623 JLINK_ReadMem(0x00003312, 0x1 Bytes, ...)
T623F26C0 004:888.629    -- Read from flash cache (1 bytes @ 0x00003312)
T623F26C0 004:888.634   Data:  FF
T623F26C0 004:888.639 - 0.016ms returns 0
T623F26C0 004:888.643 JLINK_IsHalted()
T623F26C0 004:888.647 - 0.003ms returns TRUE
T623F26C0 004:888.650 JLINK_ReadReg(XPSR)
T623F26C0 004:888.654 - 0.004ms returns 0x61000000
T623F26C0 004:888.657 JLINK_ReadReg(XPSR)
T623F26C0 004:888.661 - 0.003ms returns 0x61000000
T623F26C0 004:888.664 JLINK_ReadReg(R15 (PC))
T623F26C0 004:888.667 - 0.003ms returns 0x00003312
T623F26C0 004:888.671 JLINK_ReadReg(XPSR)
T623F26C0 004:888.674 - 0.003ms returns 0x61000000
T623F26C0 004:888.678 JLINK_ReadReg(XPSR)
T623F26C0 004:888.681 - 0.003ms returns 0x61000000
T623F26C0 004:888.684 JLINK_ReadMem(0x00003312, 0x1 Bytes, ...)
T623F26C0 004:888.688    -- Read from flash cache (1 bytes @ 0x00003312)
T623F26C0 004:888.692   Data:  FF
T623F26C0 004:888.697 - 0.013ms returns 0
T623F26C0 004:888.986 JLINK_ReadRegs(NumRegs = 22, Indexes: 0, 1, 2, 3, 4, 5, 6, 7, 8, 9, 10, 11, 12, 13, 14, 15, 16, 17, 18, 86, 87, 20)
T623F26C0 004:889.008    -- R0=0x00, R1=0x40006000, R2=0x00, R3=0x20, R4=0x200007D4, R5=0x200007F4, R6=0x200007F4, R7=0xE2244BEE, R8=0x34D60F7B, R9=0xDC736E7A, R10=0x18A523B9, R11=0x77FB79FF, R12=0x77C0, R13 (SP)=0x20001158, R14=0x59C3, R15 (PC)=0x3312, XPSR=0x61000000, MSP=0x20001158, PSP=0xF9DC7BE4, MSPLIM=0x00, PSPLIM=0x00, CFBP=0x00
T623F26C0 004:889.013 - 0.028ms returns 0x00
T623F26C0 004:889.552 JLINK_ReadReg(XPSR)
T623F26C0 004:889.569 - 0.018ms returns 0x61000000
T623F26C0 004:889.839 JLINK_ReadMem(0x00003312, 0x4 Bytes, ...)
T623F26C0 004:889.854    -- Read from flash cache (4 bytes @ 0x00003312)
T623F26C0 004:889.861   Data:  FF F7 A3 FF
T623F26C0 004:889.868 - 0.030ms returns 0
T623F26C0 004:889.979 JLINK_ReadMem(0x0000330E, 0x4 Bytes, ...)
T623F26C0 004:889.987    -- Read from flash cache (4 bytes @ 0x0000330E)
T623F26C0 004:890.001   Data:  F1 E7 10 B5
T623F26C0 004:890.007 - 0.029ms returns 0
T623F26C0 004:890.115 JLINK_ReadMem(0x00003312, 0x4 Bytes, ...)
T623F26C0 004:890.122    -- Read from flash cache (4 bytes @ 0x00003312)
T623F26C0 004:890.128   Data:  FF F7 A3 FF
T623F26C0 004:890.134 - 0.020ms returns 0
T623F26C0 004:890.194 JLINK_ReadMem(0x0000330E, 0x4 Bytes, ...)
T623F26C0 004:890.201    -- Read from flash cache (4 bytes @ 0x0000330E)
T623F26C0 004:890.207   Data:  F1 E7 10 B5
T623F26C0 004:890.221 - 0.027ms returns 0
T623F26C0 004:890.286 JLINK_ReadMem(0x00003312, 0x2 Bytes, ...)
T623F26C0 004:890.293    -- Read from flash cache (2 bytes @ 0x00003312)
T623F26C0 004:890.299   Data:  FF F7
T623F26C0 004:890.305 - 0.018ms returns 0
T623F26C0 004:890.359 JLINK_ReadMem(0x00003310, 0x2 Bytes, ...)
T623F26C0 004:890.366    -- Read from flash cache (2 bytes @ 0x00003310)
T623F26C0 004:890.372   Data:  10 B5
T623F26C0 004:890.378 - 0.019ms returns 0
T623F26C0 004:890.432 JLINK_ReadMem(0x0000330E, 0x2 Bytes, ...)
T623F26C0 004:890.439    -- Read from flash cache (2 bytes @ 0x0000330E)
T623F26C0 004:890.445   Data:  F1 E7
T623F26C0 004:890.450 - 0.018ms returns 0
T623F26C0 004:890.504 JLINK_ReadMem(0x00003312, 0x2 Bytes, ...)
T623F26C0 004:890.511    -- Read from flash cache (2 bytes @ 0x00003312)
T623F26C0 004:890.517   Data:  FF F7
T623F26C0 004:890.523 - 0.019ms returns 0
T623F26C0 004:890.576 JLINK_ReadMem(0x00003310, 0x2 Bytes, ...)
T623F26C0 004:890.583    -- Read from flash cache (2 bytes @ 0x00003310)
T623F26C0 004:890.589   Data:  10 B5
T623F26C0 004:890.595 - 0.019ms returns 0
T623F26C0 004:890.647 JLINK_ReadMem(0x0000330E, 0x2 Bytes, ...)
T623F26C0 004:890.654    -- Read from flash cache (2 bytes @ 0x0000330E)
T623F26C0 004:890.660   Data:  F1 E7
T623F26C0 004:890.666 - 0.019ms returns 0
T623F26C0 004:890.719 JLINK_ReadMem(0x00003312, 0x4 Bytes, ...)
T623F26C0 004:890.726    -- Read from flash cache (4 bytes @ 0x00003312)
T623F26C0 004:890.732   Data:  FF F7 A3 FF
T623F26C0 004:890.738 - 0.019ms returns 0
T623F26C0 004:890.791 JLINK_ReadMem(0x0000330E, 0x4 Bytes, ...)
T623F26C0 004:890.798    -- Read from flash cache (4 bytes @ 0x0000330E)
T623F26C0 004:890.804   Data:  F1 E7 10 B5
T623F26C0 004:890.810 - 0.018ms returns 0
T623F26C0 004:890.863 JLINK_ReadMem(0x00003312, 0x4 Bytes, ...)
T623F26C0 004:890.870    -- Read from flash cache (4 bytes @ 0x00003312)
T623F26C0 004:890.876   Data:  FF F7 A3 FF
T623F26C0 004:890.882 - 0.018ms returns 0
T623F26C0 004:890.935 JLINK_ReadMem(0x0000330E, 0x4 Bytes, ...)
T623F26C0 004:890.942    -- Read from flash cache (4 bytes @ 0x0000330E)
T623F26C0 004:890.948   Data:  F1 E7 10 B5
T623F26C0 004:890.954 - 0.019ms returns 0
T623F26C0 004:891.012 JLINK_ReadMem(0x00003312, 0x4 Bytes, ...)
T623F26C0 004:891.020    -- Read from flash cache (4 bytes @ 0x00003312)
T623F26C0 004:891.026   Data:  FF F7 A3 FF
T623F26C0 004:891.032 - 0.021ms returns 0
T623F26C0 004:891.087 JLINK_ReadMem(0x00003312, 0x4 Bytes, ...)
T623F26C0 004:891.094    -- Read from flash cache (4 bytes @ 0x00003312)
T623F26C0 004:891.100   Data:  FF F7 A3 FF
T623F26C0 004:891.106 - 0.019ms returns 0
T623F26C0 004:891.160 JLINK_ReadMem(0x00003312, 0x4 Bytes, ...)
T623F26C0 004:891.167    -- Read from flash cache (4 bytes @ 0x00003312)
T623F26C0 004:891.174   Data:  FF F7 A3 FF
T623F26C0 004:891.180 - 0.019ms returns 0
T623F26C0 004:891.511 JLINK_ClrBPEx(BPHandle = 0x00000002)
T623F26C0 004:891.520 - 0.010ms returns 0x00
T623F26C0 004:898.145 JLINK_ReadMem(0x00003312, 0x4 Bytes, ...)
T623F26C0 004:898.162    -- Read from flash cache (4 bytes @ 0x00003312)
T623F26C0 004:898.169   Data:  FF F7 A3 FF
T623F26C0 004:898.177 - 0.032ms returns 0
T623F26C0 004:898.297 JLINK_ReadMem(0x0000330E, 0x4 Bytes, ...)
T623F26C0 004:898.307    -- Read from flash cache (4 bytes @ 0x0000330E)
T623F26C0 004:898.314   Data:  F1 E7 10 B5
T623F26C0 004:898.320 - 0.023ms returns 0
T623F26C0 004:898.393 JLINK_ReadMem(0x00003312, 0x4 Bytes, ...)
T623F26C0 004:898.402    -- Read from flash cache (4 bytes @ 0x00003312)
T623F26C0 004:898.408   Data:  FF F7 A3 FF
T623F26C0 004:898.414 - 0.022ms returns 0
T623F26C0 004:898.478 JLINK_ReadMem(0x0000330E, 0x4 Bytes, ...)
T623F26C0 004:898.487    -- Read from flash cache (4 bytes @ 0x0000330E)
T623F26C0 004:898.494   Data:  F1 E7 10 B5
T623F26C0 004:898.500 - 0.022ms returns 0
T623F26C0 004:898.564 JLINK_ReadMem(0x00003312, 0x2 Bytes, ...)
T623F26C0 004:898.573    -- Read from flash cache (2 bytes @ 0x00003312)
T623F26C0 004:898.587   Data:  FF F7
T623F26C0 004:898.593 - 0.030ms returns 0
T623F26C0 004:898.657 JLINK_ReadMem(0x00003310, 0x2 Bytes, ...)
T623F26C0 004:898.666    -- Read from flash cache (2 bytes @ 0x00003310)
T623F26C0 004:898.672   Data:  10 B5
T623F26C0 004:898.678 - 0.021ms returns 0
T623F26C0 004:898.742 JLINK_ReadMem(0x0000330E, 0x2 Bytes, ...)
T623F26C0 004:898.750    -- Read from flash cache (2 bytes @ 0x0000330E)
T623F26C0 004:898.756   Data:  F1 E7
T623F26C0 004:898.763 - 0.022ms returns 0
T623F26C0 004:898.825 JLINK_ReadMem(0x00003312, 0x2 Bytes, ...)
T623F26C0 004:898.833    -- Read from flash cache (2 bytes @ 0x00003312)
T623F26C0 004:898.839   Data:  FF F7
T623F26C0 004:898.845 - 0.019ms returns 0
T623F26C0 004:898.899 JLINK_ReadMem(0x00003310, 0x2 Bytes, ...)
T623F26C0 004:898.906    -- Read from flash cache (2 bytes @ 0x00003310)
T623F26C0 004:898.912   Data:  10 B5
T623F26C0 004:898.918 - 0.018ms returns 0
T623F26C0 004:898.972 JLINK_ReadMem(0x0000330E, 0x2 Bytes, ...)
T623F26C0 004:898.979    -- Read from flash cache (2 bytes @ 0x0000330E)
T623F26C0 004:898.984   Data:  F1 E7
T623F26C0 004:898.990 - 0.019ms returns 0
T623F26C0 004:899.044 JLINK_ReadMem(0x00003312, 0x4 Bytes, ...)
T623F26C0 004:899.051    -- Read from flash cache (4 bytes @ 0x00003312)
T623F26C0 004:899.057   Data:  FF F7 A3 FF
T623F26C0 004:899.063 - 0.019ms returns 0
T623F26C0 004:899.115 JLINK_ReadMem(0x0000330E, 0x4 Bytes, ...)
T623F26C0 004:899.122    -- Read from flash cache (4 bytes @ 0x0000330E)
T623F26C0 004:899.128   Data:  F1 E7 10 B5
T623F26C0 004:899.133 - 0.019ms returns 0
T623F26C0 004:899.187 JLINK_ReadMem(0x00003312, 0x4 Bytes, ...)
T623F26C0 004:899.194    -- Read from flash cache (4 bytes @ 0x00003312)
T623F26C0 004:899.200   Data:  FF F7 A3 FF
T623F26C0 004:899.206 - 0.019ms returns 0
T623F26C0 004:899.258 JLINK_ReadMem(0x0000330E, 0x4 Bytes, ...)
T623F26C0 004:899.265    -- Read from flash cache (4 bytes @ 0x0000330E)
T623F26C0 004:899.271   Data:  F1 E7 10 B5
T623F26C0 004:899.277 - 0.019ms returns 0
T623F26C0 004:899.331 JLINK_ReadMem(0x00003312, 0x4 Bytes, ...)
T623F26C0 004:899.338    -- Read from flash cache (4 bytes @ 0x00003312)
T623F26C0 004:899.344   Data:  FF F7 A3 FF
T623F26C0 004:899.349 - 0.019ms returns 0
T623F26C0 004:899.402 JLINK_ReadMem(0x00003312, 0x4 Bytes, ...)
T623F26C0 004:899.409    -- Read from flash cache (4 bytes @ 0x00003312)
T623F26C0 004:899.415   Data:  FF F7 A3 FF
T623F26C0 004:899.421 - 0.019ms returns 0
T623F26C0 004:899.476 JLINK_ReadMem(0x00003312, 0x4 Bytes, ...)
T623F26C0 004:899.483    -- Read from flash cache (4 bytes @ 0x00003312)
T623F26C0 004:899.489   Data:  FF F7 A3 FF
T623F26C0 004:899.495 - 0.019ms returns 0
T623F26C0 004:982.694 JLINK_ReadReg(XPSR)
T623F26C0 004:982.734 - 0.041ms returns 0x61000000
T623F26C0 004:983.060 JLINK_ReadReg(XPSR)
T623F26C0 004:983.075 - 0.015ms returns 0x61000000
T623F26C0 005:484.859 JLINK_STRACE_Read(..., NumItems = 0x10000)
T623F26C0 005:484.910 - 0.053ms NumItemsRead = 0x00
T623F26C0 005:484.930 JLINK_IsHalted()
T623F26C0 005:485.209 - 0.279ms returns TRUE
T623F26C0 005:485.237 JLINK_STRACE_Read(..., NumItems = 0x10000)
T623F26C0 005:485.252 - 0.015ms NumItemsRead = 0x00
T623F26C0 005:485.268 JLINK_GoEx(MaxEmulInsts = 0, Flags = 0x01)
T623F26C0 005:485.311   CPU_ReadMem(4 bytes @ 0xE0001000)
T623F26C0 005:485.613   CPU_WriteMem(4 bytes @ 0xE0002008)
T623F26C0 005:486.341 - 1.073ms
T623F26C0 005:587.090 JLINK_IsHalted()
T623F26C0 005:587.435 - 0.345ms returns FALSE
T623F26C0 005:587.447 JLINK_IsHalted()
T623F26C0 005:587.791 - 0.344ms returns FALSE
T623F26C0 005:688.071 JLINK_IsHalted()
T623F26C0 005:688.463 - 0.391ms returns FALSE
T623F26C0 005:688.496 JLINK_IsHalted()
T623F26C0 005:688.857 - 0.360ms returns FALSE
T623F26C0 005:789.065 JLINK_IsHalted()
T623F26C0 005:789.437 - 0.370ms returns FALSE
T623F26C0 005:789.470 JLINK_IsHalted()
T623F26C0 005:789.809 - 0.338ms returns FALSE
T623F26C0 005:890.170 JLINK_IsHalted()
T623F26C0 005:890.534 - 0.363ms returns FALSE
T623F26C0 005:890.585 JLINK_IsHalted()
T623F26C0 005:890.941 - 0.355ms returns FALSE
T623F26C0 005:991.081 JLINK_IsHalted()
T623F26C0 005:991.443 - 0.361ms returns FALSE
T623F26C0 005:991.476 JLINK_IsHalted()
T623F26C0 005:991.838 - 0.361ms returns FALSE
T623F26C0 006:092.117 JLINK_IsHalted()
T623F26C0 006:092.515 - 0.397ms returns FALSE
T623F26C0 006:092.548 JLINK_IsHalted()
T623F26C0 006:092.918 - 0.369ms returns FALSE
T623F26C0 006:193.054 JLINK_IsHalted()
T623F26C0 006:193.442 - 0.387ms returns FALSE
T623F26C0 006:193.475 JLINK_IsHalted()
T623F26C0 006:193.834 - 0.357ms returns FALSE
T623F26C0 006:294.039 JLINK_IsHalted()
T623F26C0 006:294.501 - 0.461ms returns FALSE
T623F26C0 006:294.534 JLINK_IsHalted()
T623F26C0 006:294.877 - 0.342ms returns FALSE
T623F26C0 006:395.202 JLINK_IsHalted()
T623F26C0 006:395.523 - 0.320ms returns FALSE
T623F26C0 006:395.555 JLINK_IsHalted()
T623F26C0 006:395.884 - 0.327ms returns FALSE
T623F26C0 006:496.059 JLINK_IsHalted()
T623F26C0 006:496.459 - 0.399ms returns FALSE
T623F26C0 006:496.492 JLINK_IsHalted()
T623F26C0 006:496.856 - 0.363ms returns FALSE
T623F26C0 006:597.076 JLINK_IsHalted()
T623F26C0 006:597.442 - 0.365ms returns FALSE
T623F26C0 006:597.475 JLINK_IsHalted()
T623F26C0 006:597.839 - 0.362ms returns FALSE
T623F26C0 006:698.057 JLINK_IsHalted()
T623F26C0 006:698.460 - 0.402ms returns FALSE
T623F26C0 006:698.493 JLINK_IsHalted()
T623F26C0 006:698.885 - 0.391ms returns FALSE
T623F26C0 006:799.176 JLINK_IsHalted()
T623F26C0 006:799.565 - 0.387ms returns FALSE
T623F26C0 006:799.597 JLINK_IsHalted()
T623F26C0 006:799.942 - 0.344ms returns FALSE
T61BF16C0 006:893.615 JLINK_IsHalted()
T61BF16C0 006:894.009 - 0.393ms returns FALSE
T61BF16C0 006:894.048 JLINK_IsHalted()
T61BF16C0 006:894.376 - 0.327ms returns FALSE
T61BF16C0 006:894.821 JLINK_IsHalted()
T61BF16C0 006:895.181 - 0.360ms returns FALSE
T61BF16C0 006:895.214 JLINK_IsHalted()
T61BF16C0 006:895.532 - 0.317ms returns FALSE
T623F26C0 006:900.124 JLINK_IsHalted()
T623F26C0 006:900.511 - 0.386ms returns FALSE
T623F26C0 006:900.544 JLINK_IsHalted()
T623F26C0 006:900.916 - 0.371ms returns FALSE
T623F26C0 007:001.128 JLINK_IsHalted()
T623F26C0 007:001.537 - 0.408ms returns FALSE
T623F26C0 007:001.570 JLINK_IsHalted()
T623F26C0 007:001.945 - 0.373ms returns FALSE
T623F26C0 007:102.100 JLINK_IsHalted()
T623F26C0 007:102.440 - 0.339ms returns FALSE
T623F26C0 007:102.461 JLINK_IsHalted()
T623F26C0 007:102.807 - 0.346ms returns FALSE
T623F26C0 007:203.104 JLINK_IsHalted()
T623F26C0 007:203.493 - 0.388ms returns FALSE
T623F26C0 007:203.526 JLINK_IsHalted()
T623F26C0 007:203.885 - 0.358ms returns FALSE
T623F26C0 007:304.164 JLINK_IsHalted()
T623F26C0 007:304.543 - 0.378ms returns FALSE
T623F26C0 007:304.575 JLINK_IsHalted()
T623F26C0 007:304.942 - 0.365ms returns FALSE
T623F26C0 007:405.084 JLINK_IsHalted()
T623F26C0 007:405.458 - 0.372ms returns FALSE
T623F26C0 007:405.493 JLINK_IsHalted()
T623F26C0 007:405.860 - 0.367ms returns FALSE
T623F26C0 007:506.052 JLINK_IsHalted()
T623F26C0 007:506.376 - 0.323ms returns FALSE
T623F26C0 007:506.409 JLINK_IsHalted()
T623F26C0 007:506.777 - 0.367ms returns FALSE
T623F26C0 007:607.178 JLINK_IsHalted()
T623F26C0 007:607.568 - 0.388ms returns FALSE
T623F26C0 007:607.601 JLINK_IsHalted()
T623F26C0 007:607.978 - 0.376ms returns FALSE
T623F26C0 007:709.149 JLINK_IsHalted()
T623F26C0 007:709.536 - 0.386ms returns FALSE
T623F26C0 007:709.568 JLINK_IsHalted()
T623F26C0 007:709.946 - 0.376ms returns FALSE
T623F26C0 007:810.108 JLINK_IsHalted()
T623F26C0 007:810.374 - 0.266ms returns FALSE
T623F26C0 007:810.383 JLINK_IsHalted()
T623F26C0 007:810.646 - 0.264ms returns FALSE
T61BF16C0 007:896.149 JLINK_IsHalted()
T61BF16C0 007:896.467 - 0.317ms returns FALSE
T61BF16C0 007:896.490 JLINK_IsHalted()
T61BF16C0 007:896.792 - 0.301ms returns FALSE
T623F26C0 007:911.107 JLINK_IsHalted()
T623F26C0 007:911.443 - 0.336ms returns FALSE
T623F26C0 007:911.466 JLINK_IsHalted()
T623F26C0 007:911.791 - 0.324ms returns FALSE
T623F26C0 008:012.142 JLINK_IsHalted()
T623F26C0 008:012.522 - 0.379ms returns FALSE
T623F26C0 008:012.554 JLINK_IsHalted()
T623F26C0 008:012.935 - 0.379ms returns FALSE
T623F26C0 008:113.067 JLINK_IsHalted()
T623F26C0 008:113.436 - 0.367ms returns FALSE
T623F26C0 008:113.469 JLINK_IsHalted()
T623F26C0 008:113.809 - 0.338ms returns FALSE
T623F26C0 008:214.063 JLINK_IsHalted()
T623F26C0 008:214.424 - 0.360ms returns FALSE
T623F26C0 008:214.448 JLINK_IsHalted()
T623F26C0 008:214.812 - 0.362ms returns FALSE
T623F26C0 008:315.121 JLINK_IsHalted()
T623F26C0 008:315.536 - 0.415ms returns FALSE
T623F26C0 008:315.569 JLINK_IsHalted()
T623F26C0 008:315.959 - 0.388ms returns FALSE
T623F26C0 008:417.007 JLINK_IsHalted()
T623F26C0 008:417.390 - 0.381ms returns FALSE
T623F26C0 008:417.423 JLINK_IsHalted()
T623F26C0 008:417.788 - 0.364ms returns FALSE
T623F26C0 008:518.131 JLINK_IsHalted()
T623F26C0 008:518.513 - 0.381ms returns FALSE
T623F26C0 008:518.546 JLINK_IsHalted()
T623F26C0 008:518.949 - 0.402ms returns FALSE
T623F26C0 008:619.032 JLINK_IsHalted()
T623F26C0 008:619.417 - 0.384ms returns FALSE
T623F26C0 008:619.450 JLINK_IsHalted()
T623F26C0 008:619.810 - 0.358ms returns FALSE
T623F26C0 008:720.153 JLINK_IsHalted()
T623F26C0 008:720.531 - 0.377ms returns FALSE
T623F26C0 008:720.564 JLINK_IsHalted()
T623F26C0 008:720.942 - 0.377ms returns FALSE
T623F26C0 008:821.025 JLINK_IsHalted()
T623F26C0 008:821.355 - 0.330ms returns FALSE
T623F26C0 008:821.367 JLINK_IsHalted()
T623F26C0 008:821.674 - 0.307ms returns FALSE
T61BF16C0 008:897.373 JLINK_IsHalted()
T61BF16C0 008:897.785 - 0.411ms returns FALSE
T61BF16C0 008:897.816 JLINK_IsHalted()
T61BF16C0 008:898.122 - 0.304ms returns FALSE
T623F26C0 008:922.150 JLINK_IsHalted()
T623F26C0 008:922.433 - 0.282ms returns FALSE
T623F26C0 008:922.442 JLINK_IsHalted()
T623F26C0 008:922.724 - 0.283ms returns FALSE
T623F26C0 009:023.073 JLINK_IsHalted()
T623F26C0 009:023.435 - 0.361ms returns FALSE
T623F26C0 009:023.468 JLINK_IsHalted()
T623F26C0 009:023.809 - 0.340ms returns FALSE
T623F26C0 009:124.029 JLINK_IsHalted()
T623F26C0 009:126.105 - 2.075ms returns ERROR
T623F26C0 009:126.148 JLINK_IsHalted()
T623F26C0 009:128.250 - 2.101ms returns ERROR
T69C4A780 009:130.761 JLINK_Halt()
T69C4A780 009:131.948   
  ***** Warning: 
T69C4A780 009:131.981   CPU could not be halted
T69C4A780 009:132.000 - 1.239ms returns 0x01
T69C4A780 009:132.019 JLINK_ReadReg(XPSR)
T69C4A780 009:134.090   CPU is running
T69C4A780 009:134.129   
  ***** Error: 
T69C4A780 009:134.147   Cannot read register 16 (XPSR) while CPU is running
T69C4A780 009:134.166 - 2.147ms returns 0x00000000
T69C4A780 009:139.756 JLINK_Close()
T69C4A780 009:140.098   CPU is running
T69C4A780 009:140.142   CPU_WriteMem(4 bytes @ 0xE0002008)
T69C4A780 009:140.874   CPU is running
T69C4A780 009:140.913   CPU_WriteMem(4 bytes @ 0xE000200C)
T69C4A780 009:141.684   CPU is running
T69C4A780 009:141.722   CPU_WriteMem(4 bytes @ 0xE0002010)
T69C4A780 009:142.466   CPU is running
T69C4A780 009:142.506   CPU_WriteMem(4 bytes @ 0xE0002014)
T69C4A780 009:144.582   
  ***** Warning: 
T69C4A780 009:144.627   CPU could not be halted
T69C4A780 009:144.651   OnDisconnectTarget() start
T69C4A780 009:144.669    J-Link Script File: Executing OnDisconnectTarget()
T69C4A780 009:144.684   Restoring low power mode settings.
T69C4A780 009:145.545   Error: Failed to configure AP.
T69C4A780 009:146.945   OnDisconnectTarget() end - Took 2.27ms
T69C4A780 009:160.647 - 20.890ms
T69C4A780 009:160.677   
T69C4A780 009:160.689   Closed
